<?xml version="1.0" encoding="UTF-8"?>
<testsuite xmlns:xsi="http://www.w3.org/2001/XMLSchema-instance" xsi:noNamespaceSchemaLocation="https://maven.apache.org/surefire/maven-surefire-plugin/xsd/surefire-test-report.xsd" version="3.0.2" name="cl.duoc.miprimeraapi.MiprimeraapiApplicationTests" time="2.585" tests="1" errors="0" skipped="0" failures="0">
  <properties>
[...]
</properties>
  <testcase name="contextLoads" classname="cl.duoc.miprimeraapi.MiprimeraapiApplicationTests" time="0.702">
    <system-out><![CDATA[17:37:37.571 [main] INFO org.springframework.test.context.support.AnnotationConfigContextLoaderUtils -- Could not detect default configuration classes for test class [cl.duoc.miprimeraapi.MiprimeraapiApplicationTests]: MiprimeraapiApplicationTests does not declare any static, non-private, non-final, nested classes annotated with @Configuration.
17:37:37.699 [main] INFO org.springframework.boot.test.context.SpringBootTestContextBootstrapper -- Found @SpringBootConfiguration cl.duoc.miprimeraapi.MiprimeraapiApplication for test class cl.duoc.miprimeraapi.MiprimeraapiApplicationTests

  .   ____          _            __ _ _
 /\\ / ___'_ __ _ _(_)_ __  __ _ \ \ \ \
( ( )\___ | '_ | '_| | '_ \/ _` | \ \ \ \
 \\/  ___)| |_)| | | | | || (_| |  ) ) ) )
  '  |____| .__|_| |_|_| |_\__, | / / / /
 =========|_|==============|___/=/_/_/_/

 :: Spring Boot ::                (v3.4.5)

2025-05-06T17:37:38.179-04:00  INFO 4596 --- [miprimeraapi] [           main] c.d.m.MiprimeraapiApplicationTests       : Starting MiprimeraapiApplicationTests using Java 17.0.15 with PID 4596 (started by leandro in C:\Users\leandro\Desktop\vscode\trabajo\ferremas\miprimeraapi)
2025-05-06T17:37:38.181-04:00  INFO 4596 --- [miprimeraapi] [           main] c.d.m.MiprimeraapiApplicationTests       : No active profile set, falling back to 1 default profile: "default"
2025-05-06T17:37:39.298-04:00  INFO 4596 --- [miprimeraapi] [           main] c.d.m.MiprimeraapiApplicationTests       : Started MiprimeraapiApplicationTests in 1.375 seconds (process running for 2.32)
]]></system-out>
  </testcase>
</testsuite>